Build started 09-08-2018 15:10:03.
     1>Project "D:\Seneca Study\SEM2\PRG\Visual studio\PRG255FallProject-Inventory Control System\PRG255FallProject-Inventory Control System\PRG255FallProject-Inventory Control System.vcxproj" on node 2 (Build target(s)).
     1>ClCompile:
         C:\Program Files (x86)\Microsoft Visual Studio 11.0\VC\bin\CL.exe /c /ZI /nologo /W3 /WX- /Od /Oy- /D WIN32 /D _DEBUG /D _CONSOLE /D _UNICODE /D UNICODE /Gm /EHsc /RTC1 /MDd /GS /fp:precise /Zc:wchar_t /Zc:forScope /Fo"Debug\\" /Fd"Debug\vc110.pdb" /Gd /TP /analyze- /errorReport:prompt "Inventory Control System.cpp"
         Inventory Control System.cpp
     1>d:\seneca study\sem2\prg\visual studio\prg255fallproject-inventory control system\prg255fallproject-inventory control system\inventory control system.cpp(36): warning C4996: 'scanf': This function or variable may be unsafe. Consider using scanf_s instead. To disable deprecation, use _CRT_SECURE_NO_WARNINGS. See online help for details.
                 c:\program files (x86)\microsoft visual studio 11.0\vc\include\stdio.h(290) : see declaration of 'scanf'
     1>d:\seneca study\sem2\prg\visual studio\prg255fallproject-inventory control system\prg255fallproject-inventory control system\inventory control system.cpp(63): warning C4996: 'getch': The POSIX name for this item is deprecated. Instead, use the ISO C++ conformant name: _getch. See online help for details.
                 c:\program files (x86)\microsoft visual studio 11.0\vc\include\conio.h(131) : see declaration of 'getch'
     1>d:\seneca study\sem2\prg\visual studio\prg255fallproject-inventory control system\prg255fallproject-inventory control system\inventory control system.cpp(25): warning C4101: 'inventory' : unreferenced local variable
     1>d:\seneca study\sem2\prg\visual studio\prg255fallproject-inventory control system\prg255fallproject-inventory control system\inventory control system.cpp(67): warning C4996: 'fopen': This function or variable may be unsafe. Consider using fopen_s instead. To disable deprecation, use _CRT_SECURE_NO_WARNINGS. See online help for details.
                 c:\program files (x86)\microsoft visual studio 11.0\vc\include\stdio.h(218) : see declaration of 'fopen'
     1>d:\seneca study\sem2\prg\visual studio\prg255fallproject-inventory control system\prg255fallproject-inventory control system\inventory control system.cpp(81): warning C4996: 'fopen': This function or variable may be unsafe. Consider using fopen_s instead. To disable deprecation, use _CRT_SECURE_NO_WARNINGS. See online help for details.
                 c:\program files (x86)\microsoft visual studio 11.0\vc\include\stdio.h(218) : see declaration of 'fopen'
     1>d:\seneca study\sem2\prg\visual studio\prg255fallproject-inventory control system\prg255fallproject-inventory control system\inventory control system.cpp(95): warning C4996: 'fopen': This function or variable may be unsafe. Consider using fopen_s instead. To disable deprecation, use _CRT_SECURE_NO_WARNINGS. See online help for details.
                 c:\program files (x86)\microsoft visual studio 11.0\vc\include\stdio.h(218) : see declaration of 'fopen'
     1>d:\seneca study\sem2\prg\visual studio\prg255fallproject-inventory control system\prg255fallproject-inventory control system\inventory control system.cpp(103): warning C4996: 'scanf': This function or variable may be unsafe. Consider using scanf_s instead. To disable deprecation, use _CRT_SECURE_NO_WARNINGS. See online help for details.
                 c:\program files (x86)\microsoft visual studio 11.0\vc\include\stdio.h(290) : see declaration of 'scanf'
     1>d:\seneca study\sem2\prg\visual studio\prg255fallproject-inventory control system\prg255fallproject-inventory control system\inventory control system.cpp(110): warning C4996: 'scanf': This function or variable may be unsafe. Consider using scanf_s instead. To disable deprecation, use _CRT_SECURE_NO_WARNINGS. See online help for details.
                 c:\program files (x86)\microsoft visual studio 11.0\vc\include\stdio.h(290) : see declaration of 'scanf'
     1>d:\seneca study\sem2\prg\visual studio\prg255fallproject-inventory control system\prg255fallproject-inventory control system\inventory control system.cpp(119): warning C4996: 'fopen': This function or variable may be unsafe. Consider using fopen_s instead. To disable deprecation, use _CRT_SECURE_NO_WARNINGS. See online help for details.
                 c:\program files (x86)\microsoft visual studio 11.0\vc\include\stdio.h(218) : see declaration of 'fopen'
     1>d:\seneca study\sem2\prg\visual studio\prg255fallproject-inventory control system\prg255fallproject-inventory control system\inventory control system.cpp(125): warning C4996: 'gets': This function or variable may be unsafe. Consider using gets_s instead. To disable deprecation, use _CRT_SECURE_NO_WARNINGS. See online help for details.
                 c:\program files (x86)\microsoft visual studio 11.0\vc\include\stdio.h(261) : see declaration of 'gets'
     1>d:\seneca study\sem2\prg\visual studio\prg255fallproject-inventory control system\prg255fallproject-inventory control system\inventory control system.cpp(126): warning C4996: 'gets': This function or variable may be unsafe. Consider using gets_s instead. To disable deprecation, use _CRT_SECURE_NO_WARNINGS. See online help for details.
                 c:\program files (x86)\microsoft visual studio 11.0\vc\include\stdio.h(261) : see declaration of 'gets'
     1>d:\seneca study\sem2\prg\visual studio\prg255fallproject-inventory control system\prg255fallproject-inventory control system\inventory control system.cpp(128): warning C4996: 'scanf': This function or variable may be unsafe. Consider using scanf_s instead. To disable deprecation, use _CRT_SECURE_NO_WARNINGS. See online help for details.
                 c:\program files (x86)\microsoft visual studio 11.0\vc\include\stdio.h(290) : see declaration of 'scanf'
     1>d:\seneca study\sem2\prg\visual studio\prg255fallproject-inventory control system\prg255fallproject-inventory control system\inventory control system.cpp(130): warning C4996: 'scanf': This function or variable may be unsafe. Consider using scanf_s instead. To disable deprecation, use _CRT_SECURE_NO_WARNINGS. See online help for details.
                 c:\program files (x86)\microsoft visual studio 11.0\vc\include\stdio.h(290) : see declaration of 'scanf'
     1>d:\seneca study\sem2\prg\visual studio\prg255fallproject-inventory control system\prg255fallproject-inventory control system\inventory control system.cpp(135): warning C4996: 'getche': The POSIX name for this item is deprecated. Instead, use the ISO C++ conformant name: _getche. See online help for details.
                 c:\program files (x86)\microsoft visual studio 11.0\vc\include\conio.h(132) : see declaration of 'getche'
     1>d:\seneca study\sem2\prg\visual studio\prg255fallproject-inventory control system\prg255fallproject-inventory control system\inventory control system.cpp(122): warning C4101: 'ch' : unreferenced local variable
     1>d:\seneca study\sem2\prg\visual studio\prg255fallproject-inventory control system\prg255fallproject-inventory control system\inventory control system.cpp(139): warning C4996: 'fopen': This function or variable may be unsafe. Consider using fopen_s instead. To disable deprecation, use _CRT_SECURE_NO_WARNINGS. See online help for details.
                 c:\program files (x86)\microsoft visual studio 11.0\vc\include\stdio.h(218) : see declaration of 'fopen'
     1>d:\seneca study\sem2\prg\visual studio\prg255fallproject-inventory control system\prg255fallproject-inventory control system\inventory control system.cpp(147): warning C4996: 'scanf': This function or variable may be unsafe. Consider using scanf_s instead. To disable deprecation, use _CRT_SECURE_NO_WARNINGS. See online help for details.
                 c:\program files (x86)\microsoft visual studio 11.0\vc\include\stdio.h(290) : see declaration of 'scanf'
     1>d:\seneca study\sem2\prg\visual studio\prg255fallproject-inventory control system\prg255fallproject-inventory control system\inventory control system.cpp(154): warning C4996: 'scanf': This function or variable may be unsafe. Consider using scanf_s instead. To disable deprecation, use _CRT_SECURE_NO_WARNINGS. See online help for details.
                 c:\program files (x86)\microsoft visual studio 11.0\vc\include\stdio.h(290) : see declaration of 'scanf'
       Link:
         C:\Program Files (x86)\Microsoft Visual Studio 11.0\VC\bin\link.exe /ERRORREPORT:PROMPT /OUT:"D:\Seneca Study\SEM2\PRG\Visual studio\PRG255FallProject-Inventory Control System\Debug\PRG255FallProject-Inventory Control System.exe" /INCREMENTAL /NOLOGO kernel32.lib user32.lib gdi32.lib winspool.lib comdlg32.lib advapi32.lib shell32.lib ole32.lib oleaut32.lib uuid.lib odbc32.lib odbccp32.lib /MANIFEST /MANIFESTUAC:"level='asInvoker' uiAccess='false'" /manifest:embed /DEBUG /PDB:"D:\Seneca Study\SEM2\PRG\Visual studio\PRG255FallProject-Inventory Control System\Debug\PRG255FallProject-Inventory Control System.pdb" /SUBSYSTEM:CONSOLE /TLBID:1 /DYNAMICBASE /NXCOMPAT /IMPLIB:"D:\Seneca Study\SEM2\PRG\Visual studio\PRG255FallProject-Inventory Control System\Debug\PRG255FallProject-Inventory Control System.lib" /MACHINE:X86 "Debug\Inventory Control System.obj"
         PRG255FallProject-Inventory Control System.vcxproj -> D:\Seneca Study\SEM2\PRG\Visual studio\PRG255FallProject-Inventory Control System\Debug\PRG255FallProject-Inventory Control System.exe
     1>Done Building Project "D:\Seneca Study\SEM2\PRG\Visual studio\PRG255FallProject-Inventory Control System\PRG255FallProject-Inventory Control System\PRG255FallProject-Inventory Control System.vcxproj" (Build target(s)).

Build succeeded.

Time Elapsed 00:00:08.29
